<?xml version="1.0" encoding="UTF-8"?>
<testsuite xmlns:xsi="http://www.w3.org/2001/XMLSchema-instance" xsi:noNamespaceSchemaLocation="https://maven.apache.org/surefire/maven-surefire-plugin/xsd/surefire-test-report-3.0.xsd" version="3.0" name="com.bootcamp.week9.PerClassTest" time="0.004" tests="2" errors="0" skipped="0" failures="0">
  <properties>
[...]
</properties>
  <testcase name="test2" classname="com.bootcamp.week9.PerClassTest" time="0.001">
    <system-out><![CDATA[1
]]></system-out>
  </testcase>
  <testcase name="test1" classname="com.bootcamp.week9.PerClassTest" time="0.001">
    <system-out><![CDATA[2
]]></system-out>
  </testcase>
</testsuite>